c:\users\damac\downloads\graphics-1-f2025-a4-start\graphics-1-f2025-a4-start\graphics-1-f2025\x64\debug\vc143.pdb
c:\users\damac\downloads\graphics-1-f2025-a4-start\graphics-1-f2025-a4-start\graphics-1-f2025\x64\debug\vc143.idb
c:\users\damac\downloads\graphics-1-f2025-a4-start\graphics-1-f2025-a4-start\graphics-1-f2025\x64\debug\window.obj
c:\users\damac\downloads\graphics-1-f2025-a4-start\graphics-1-f2025-a4-start\graphics-1-f2025\x64\debug\texture.obj
c:\users\damac\downloads\graphics-1-f2025-a4-start\graphics-1-f2025-a4-start\graphics-1-f2025\x64\debug\shader.obj
c:\users\damac\downloads\graphics-1-f2025-a4-start\graphics-1-f2025-a4-start\graphics-1-f2025\x64\debug\mesh.obj
c:\users\damac\downloads\graphics-1-f2025-a4-start\graphics-1-f2025-a4-start\graphics-1-f2025\x64\debug\main.obj
c:\users\damac\downloads\graphics-1-f2025-a4-start\graphics-1-f2025-a4-start\graphics-1-f2025\x64\debug\buffer.obj
c:\users\damac\downloads\graphics-1-f2025-a4-start\graphics-1-f2025-a4-start\graphics-1-f2025\x64\debug\imgui_widgets.obj
c:\users\damac\downloads\graphics-1-f2025-a4-start\graphics-1-f2025-a4-start\graphics-1-f2025\x64\debug\imgui_tables.obj
c:\users\damac\downloads\graphics-1-f2025-a4-start\graphics-1-f2025-a4-start\graphics-1-f2025\x64\debug\imgui_impl_opengl3.obj
c:\users\damac\downloads\graphics-1-f2025-a4-start\graphics-1-f2025-a4-start\graphics-1-f2025\x64\debug\imgui_impl_glfw.obj
c:\users\damac\downloads\graphics-1-f2025-a4-start\graphics-1-f2025-a4-start\graphics-1-f2025\x64\debug\imgui_draw.obj
c:\users\damac\downloads\graphics-1-f2025-a4-start\graphics-1-f2025-a4-start\graphics-1-f2025\x64\debug\imgui_demo.obj
c:\users\damac\downloads\graphics-1-f2025-a4-start\graphics-1-f2025-a4-start\graphics-1-f2025\x64\debug\imgui.obj
c:\users\damac\downloads\graphics-1-f2025-a4-start\graphics-1-f2025-a4-start\graphics-1-f2025\x64\debug\glad.obj
c:\users\damac\downloads\graphics-1-f2025-a4-start\graphics-1-f2025-a4-start\x64\debug\graphics-1-f2025.exe
c:\users\damac\downloads\graphics-1-f2025-a4-start\graphics-1-f2025-a4-start\x64\debug\graphics-1-f2025.pdb
c:\users\damac\downloads\graphics-1-f2025-a4-start\graphics-1-f2025-a4-start\graphics-1-f2025\x64\debug\graphics-1-f2025.ilk
c:\users\damac\downloads\graphics-1-f2025-a4-start\graphics-1-f2025-a4-start\graphics-1-f2025\x64\debug\graphics-1-f2025.tlog\cl.command.1.tlog
c:\users\damac\downloads\graphics-1-f2025-a4-start\graphics-1-f2025-a4-start\graphics-1-f2025\x64\debug\graphics-1-f2025.tlog\cl.items.tlog
c:\users\damac\downloads\graphics-1-f2025-a4-start\graphics-1-f2025-a4-start\graphics-1-f2025\x64\debug\graphics-1-f2025.tlog\cl.read.1.tlog
c:\users\damac\downloads\graphics-1-f2025-a4-start\graphics-1-f2025-a4-start\graphics-1-f2025\x64\debug\graphics-1-f2025.tlog\cl.write.1.tlog
c:\users\damac\downloads\graphics-1-f2025-a4-start\graphics-1-f2025-a4-start\graphics-1-f2025\x64\debug\graphics-1-f2025.tlog\link.command.1.tlog
c:\users\damac\downloads\graphics-1-f2025-a4-start\graphics-1-f2025-a4-start\graphics-1-f2025\x64\debug\graphics-1-f2025.tlog\link.read.1.tlog
c:\users\damac\downloads\graphics-1-f2025-a4-start\graphics-1-f2025-a4-start\graphics-1-f2025\x64\debug\graphics-1-f2025.tlog\link.secondary.1.tlog
c:\users\damac\downloads\graphics-1-f2025-a4-start\graphics-1-f2025-a4-start\graphics-1-f2025\x64\debug\graphics-1-f2025.tlog\link.write.1.tlog
